<?xml version="1.0" encoding="UTF-8"?>
<methodCall>
<methodName>menu.getAnswer</methodName>
<params/>
</methodCall>
