<?xml version="1.0" encoding="UTF-8"?>
<methodCall>
<methodName>menu.viewPatternId</methodName>
<params>
 <param>
  <value>
   <struct>
    <member>
     <name>pattern_id</name>
     <value>
      <string>add1</string>
     </value>
    </member>
   </struct>
  </value>
 </param>
</params>
</methodCall>
